0 info it worked if it ends with ok
1 verbose cli [ 'c:\\Program Files\\nodejs\\node.exe',
1 verbose cli   'c:\\Program Files\\nodejs\\node_modules\\npm\\bin\\npm-cli.js',
1 verbose cli   'install' ]
2 info using npm@1.4.28
3 info using node@v0.10.36
4 warn package.json rivv@1.0.0 No repository field.
5 warn package.json rivv@1.0.0 No README data
6 verbose readDependencies using package.json deps
7 verbose install where, deps [ 'c:\\Users\\Ritchie\\Documents\\Uni\\Front end\\project\\rivv',
7 verbose install   [ 'gulp',
7 verbose install     'gulp-sass',
7 verbose install     'gulp-concat',
7 verbose install     'gulp-minify-css',
7 verbose install     'gulp-rename',
7 verbose install     'bower',
7 verbose install     'gulp-util',
7 verbose install     'shelljs' ] ]
8 info preinstall rivv@1.0.0
9 verbose readDependencies using package.json deps
10 verbose already installed skipping gulp@^3.5.6 c:\Users\Ritchie\Documents\Uni\Front end\project\rivv
11 verbose already installed skipping gulp-sass@^1.3.3 c:\Users\Ritchie\Documents\Uni\Front end\project\rivv
12 verbose already installed skipping gulp-concat@^2.2.0 c:\Users\Ritchie\Documents\Uni\Front end\project\rivv
13 verbose already installed skipping gulp-minify-css@^0.3.0 c:\Users\Ritchie\Documents\Uni\Front end\project\rivv
14 verbose already installed skipping gulp-rename@^1.2.0 c:\Users\Ritchie\Documents\Uni\Front end\project\rivv
15 verbose already installed skipping bower@^1.3.3 c:\Users\Ritchie\Documents\Uni\Front end\project\rivv
16 verbose already installed skipping gulp-util@^2.2.14 c:\Users\Ritchie\Documents\Uni\Front end\project\rivv
17 verbose already installed skipping shelljs@^0.3.0 c:\Users\Ritchie\Documents\Uni\Front end\project\rivv
18 silly resolved []
19 info build c:\Users\Ritchie\Documents\Uni\Front end\project\rivv
20 verbose linkStuff [ false,
20 verbose linkStuff   false,
20 verbose linkStuff   false,
20 verbose linkStuff   'c:\\Users\\Ritchie\\Documents\\Uni\\Front end\\project' ]
21 info linkStuff rivv@1.0.0
22 verbose linkBins rivv@1.0.0
23 verbose linkMans rivv@1.0.0
24 verbose rebuildBundles rivv@1.0.0
25 verbose rebuildBundles [ '.bin',
25 verbose rebuildBundles   'bower',
25 verbose rebuildBundles   'gulp',
25 verbose rebuildBundles   'gulp-concat',
25 verbose rebuildBundles   'gulp-minify-css',
25 verbose rebuildBundles   'gulp-rename',
25 verbose rebuildBundles   'gulp-sass',
25 verbose rebuildBundles   'gulp-util',
25 verbose rebuildBundles   'node-sass',
25 verbose rebuildBundles   'shelljs' ]
26 verbose rebuild bundle c:\Users\Ritchie\Documents\Uni\Front end\project\rivv\node_modules\node-sass
27 info build c:\Users\Ritchie\Documents\Uni\Front end\project\rivv\node_modules\node-sass
28 info preinstall node-sass@2.1.1
29 verbose linkStuff [ false,
29 verbose linkStuff   false,
29 verbose linkStuff   false,
29 verbose linkStuff   'c:\\Users\\Ritchie\\Documents\\Uni\\Front end\\project\\rivv\\node_modules' ]
30 info linkStuff node-sass@2.1.1
31 verbose linkBins node-sass@2.1.1
32 verbose link bins [ { 'node-sass': 'bin/node-sass' },
32 verbose link bins   'c:\\Users\\Ritchie\\Documents\\Uni\\Front end\\project\\rivv\\node_modules\\.bin',
32 verbose link bins   false ]
33 verbose linkMans node-sass@2.1.1
34 verbose rebuildBundles node-sass@2.1.1
35 verbose rebuildBundles [ '.bin',
35 verbose rebuildBundles   'chalk',
35 verbose rebuildBundles   'cross-spawn',
35 verbose rebuildBundles   'gaze',
35 verbose rebuildBundles   'get-stdin',
35 verbose rebuildBundles   'meow',
35 verbose rebuildBundles   'mkdirp',
35 verbose rebuildBundles   'mocha',
35 verbose rebuildBundles   'nan',
35 verbose rebuildBundles   'npmconf',
35 verbose rebuildBundles   'object-assign',
35 verbose rebuildBundles   'pangyp',
35 verbose rebuildBundles   'replace-ext',
35 verbose rebuildBundles   'request',
35 verbose rebuildBundles   'sass-graph',
35 verbose rebuildBundles   'semver' ]
36 info install node-sass@2.1.1
37 verbose unsafe-perm in lifecycle true
38 info postinstall node-sass@2.1.1
39 verbose unsafe-perm in lifecycle true
40 info node-sass@2.1.1 Failed to exec postinstall script
41 error node-sass@2.1.1 postinstall: `node scripts/build.js`
41 error Exit status 8
42 error Failed at the node-sass@2.1.1 postinstall script.
42 error This is most likely a problem with the node-sass package,
42 error not with npm itself.
42 error Tell the author that this fails on your system:
42 error     node scripts/build.js
42 error You can get their info via:
42 error     npm owner ls node-sass
42 error There is likely additional logging output above.
43 error System Windows_NT 6.1.7601
44 error command "c:\\Program Files\\nodejs\\node.exe" "c:\\Program Files\\nodejs\\node_modules\\npm\\bin\\npm-cli.js" "install"
45 error cwd c:\Users\Ritchie\Documents\Uni\Front end\project\rivv
46 error node -v v0.10.36
47 error npm -v 1.4.28
48 error code ELIFECYCLE
49 verbose exit [ 1, true ]
